Drill report for radiohead.kicad_pcb
Created on Tuesday, January 23, 2024 at 07:41:20 PM

Copper Layer Stackup:
    =============================================================
    L1 :  F.Cu                      front
    L2 :  In1.Cu                    in1
    L3 :  In2.Cu                    in2
    L4 :  B.Cu                      back


Drill file 'radiohead.drl' contains
    plated through holes:
    =============================================================
    T1  0.400mm  0.0157"  (291 holes)
    T2  0.500mm  0.0197"  (1 hole)
    T3  0.700mm  0.0276"  (24 holes)
    T4  0.750mm  0.0295"  (7 holes)
    T5  1.000mm  0.0394"  (66 holes)

    Total plated holes count 389


Not plated through holes are merged with plated holes
    unplated through holes:
    =============================================================
    T6  1.702mm  0.0670"  (2 holes)
    T7  2.700mm  0.1063"  (6 holes)

    Total unplated holes count 8
