Drill report for txfilters.kicad_pcb
Created on Sunday, April 14, 2024 at 10:08:53 AM

Copper Layer Stackup:
    =============================================================
    L1 :  F.Cu                      front
    L2 :  In1.Cu                    in1
    L3 :  In2.Cu                    in2
    L4 :  B.Cu                      back


Drill file 'txfilters.drl' contains
    plated through holes:
    =============================================================
    T1  0.400mm  0.0157"  (119 holes)
    T2  0.700mm  0.0276"  (48 holes)
    T3  0.950mm  0.0374"  (3 holes)
    T4  1.000mm  0.0394"  (60 holes)
    T5  1.500mm  0.0591"  (30 holes)

    Total plated holes count 260


Not plated through holes are merged with plated holes
    unplated through holes:
    =============================================================
    T6  2.700mm  0.1063"  (6 holes)

    Total unplated holes count 6
